<?xml version="1.0" encoding="UTF-8"?>
<testsuite xmlns:xsi="http://www.w3.org/2001/XMLSchema-instance" xsi:noNamespaceSchemaLocation="https://maven.apache.org/surefire/maven-surefire-plugin/xsd/surefire-test-report-3.0.xsd" version="3.0" name="com.sustainabledev.hydro.analysis.DescriptiveAnalysisTest" time="0.186" tests="8" errors="0" skipped="0" failures="0">
  <properties>
[...]
</properties>
  <testcase name="minValueOfASerie" classname="com.sustainabledev.hydro.analysis.DescriptiveAnalysisTest" time="0.117"/>
  <testcase name="maxValueOfASerie" classname="com.sustainabledev.hydro.analysis.DescriptiveAnalysisTest" time="0.004"/>
  <testcase name="varianceValueOfASerie" classname="com.sustainabledev.hydro.analysis.DescriptiveAnalysisTest" time="0.009"/>
  <testcase name="stdValueOfASerie" classname="com.sustainabledev.hydro.analysis.DescriptiveAnalysisTest" time="0.003"/>
  <testcase name="maxValueOfASerieIsUnique" classname="com.sustainabledev.hydro.analysis.DescriptiveAnalysisTest" time="0.004"/>
  <testcase name="meanValueOfASerie" classname="com.sustainabledev.hydro.analysis.DescriptiveAnalysisTest" time="0.002"/>
  <testcase name="shouldThrowExceptionWithoutDataSet" classname="com.sustainabledev.hydro.analysis.DescriptiveAnalysisTest" time="0.004"/>
  <testcase name="sumValueOfASerie" classname="com.sustainabledev.hydro.analysis.DescriptiveAnalysisTest" time="0.003"/>
</testsuite>